Performing C SOURCE FILE Test CMAKE_HAVE_LIBC_PTHREAD failed with the following output:
Change Dir: /home/zpw/github/SLAM/Slambook2/ch06/CeresBundleAdjustment/cmake-build-debug/CMakeFiles/CMakeTmp

Run Build Command(s):/usr/bin/make cmTC_8e304/fast && /usr/bin/make -f CMakeFiles/cmTC_8e304.dir/build.make CMakeFiles/cmTC_8e304.dir/build
make[1]: 进入目录“/home/zpw/github/SLAM/Slambook2/ch06/CeresBundleAdjustment/cmake-build-debug/CMakeFiles/CMakeTmp”
Building C object CMakeFiles/cmTC_8e304.dir/src.c.o
/usr/bin/cc   -DCMAKE_HAVE_LIBC_PTHREAD   -o CMakeFiles/cmTC_8e304.dir/src.c.o   -c /home/zpw/github/SLAM/Slambook2/ch06/CeresBundleAdjustment/cmake-build-debug/CMakeFiles/CMakeTmp/src.c
Linking C executable cmTC_8e304
/home/zpw/software/clion/clion-2019.2.2/bin/cmake/linux/bin/cmake -E cmake_link_script CMakeFiles/cmTC_8e304.dir/link.txt --verbose=1
/usr/bin/cc  -DCMAKE_HAVE_LIBC_PTHREAD    CMakeFiles/cmTC_8e304.dir/src.c.o  -o cmTC_8e304 
CMakeFiles/cmTC_8e304.dir/src.c.o：在函数‘main’中：
src.c:(.text+0x3e)：对‘pthread_create’未定义的引用
src.c:(.text+0x4a)：对‘pthread_detach’未定义的引用
src.c:(.text+0x5b)：对‘pthread_join’未定义的引用
src.c:(.text+0x6f)：对‘pthread_atfork’未定义的引用
collect2: error: ld returned 1 exit status
CMakeFiles/cmTC_8e304.dir/build.make:86: recipe for target 'cmTC_8e304' failed
make[1]: *** [cmTC_8e304] Error 1
make[1]: 离开目录“/home/zpw/github/SLAM/Slambook2/ch06/CeresBundleAdjustment/cmake-build-debug/CMakeFiles/CMakeTmp”
Makefile:121: recipe for target 'cmTC_8e304/fast' failed
make: *** [cmTC_8e304/fast] Error 2


Source file was:
#include <pthread.h>

void* test_func(void* data)
{
  return data;
}

int main(void)
{
  pthread_t thread;
  pthread_create(&thread, NULL, test_func, NULL);
  pthread_detach(thread);
  pthread_join(thread, NULL);
  pthread_atfork(NULL, NULL, NULL);
  pthread_exit(NULL);

  return 0;
}

Determining if the function pthread_create exists in the pthreads failed with the following output:
Change Dir: /home/zpw/github/SLAM/Slambook2/ch06/CeresBundleAdjustment/cmake-build-debug/CMakeFiles/CMakeTmp

Run Build Command(s):/usr/bin/make cmTC_ed3b5/fast && /usr/bin/make -f CMakeFiles/cmTC_ed3b5.dir/build.make CMakeFiles/cmTC_ed3b5.dir/build
make[1]: 进入目录“/home/zpw/github/SLAM/Slambook2/ch06/CeresBundleAdjustment/cmake-build-debug/CMakeFiles/CMakeTmp”
Building C object CMakeFiles/cmTC_ed3b5.dir/CheckFunctionExists.c.o
/usr/bin/cc   -DCHECK_FUNCTION_EXISTS=pthread_create   -o CMakeFiles/cmTC_ed3b5.dir/CheckFunctionExists.c.o   -c /home/zpw/software/clion/clion-2019.2.2/bin/cmake/linux/share/cmake-3.15/Modules/CheckFunctionExists.c
Linking C executable cmTC_ed3b5
/home/zpw/software/clion/clion-2019.2.2/bin/cmake/linux/bin/cmake -E cmake_link_script CMakeFiles/cmTC_ed3b5.dir/link.txt --verbose=1
/usr/bin/cc  -DCHECK_FUNCTION_EXISTS=pthread_create    CMakeFiles/cmTC_ed3b5.dir/CheckFunctionExists.c.o  -o cmTC_ed3b5 -lpthreads 
/usr/bin/ld: 找不到 -lpthreads
collect2: error: ld returned 1 exit status
CMakeFiles/cmTC_ed3b5.dir/build.make:86: recipe for target 'cmTC_ed3b5' failed
make[1]: *** [cmTC_ed3b5] Error 1
make[1]: 离开目录“/home/zpw/github/SLAM/Slambook2/ch06/CeresBundleAdjustment/cmake-build-debug/CMakeFiles/CMakeTmp”
Makefile:121: recipe for target 'cmTC_ed3b5/fast' failed
make: *** [cmTC_ed3b5/fast] Error 2



